[20-May-2025 18:00:08 Europe/Berlin] PHP Fatal error:  Uncaught mysqli_sql_exception: Data truncated for column 'condition' at row 1 in C:\xampp\htdocs\CDM_Chorale_Inv\save_accessory.php:37
Stack trace:
#0 C:\xampp\htdocs\CDM_Chorale_Inv\save_accessory.php(37): mysqli_stmt->execute()
#1 {main}
  thrown in C:\xampp\htdocs\CDM_Chorale_Inv\save_accessory.php on line 37
[20-May-2025 18:00:53 Europe/Berlin] PHP Fatal error:  Uncaught mysqli_sql_exception: Incorrect date value: '' for column `inv`.`history`.`date_return` at row 1 in C:\xampp\htdocs\CDM_Chorale_Inv\update_history.php:21
Stack trace:
#0 C:\xampp\htdocs\CDM_Chorale_Inv\update_history.php(21): mysqli_stmt->execute()
#1 {main}
  thrown in C:\xampp\htdocs\CDM_Chorale_Inv\update_history.php on line 21
[20-May-2025 18:01:36 Europe/Berlin] Uncaught Exception: Incorrect date value: '' for column `inv`.`history`.`date_return` at row 1
[20-May-2025 18:03:19 Europe/Berlin] Uncaught Exception: Incorrect date value: '' for column `inv`.`history`.`date_return` at row 1
[20-May-2025 18:04:08 Europe/Berlin] Uncaught Exception: Incorrect date value: '' for column `inv`.`history`.`date_return` at row 1
[20-May-2025 18:04:12 Europe/Berlin] Uncaught Exception: Incorrect date value: '' for column `inv`.`history`.`date_return` at row 1
[20-May-2025 18:04:14 Europe/Berlin] Uncaught Exception: Incorrect date value: '' for column `inv`.`history`.`date_return` at row 1
[20-May-2025 18:05:20 Europe/Berlin] Uncaught Exception: Incorrect date value: '' for column `inv`.`history`.`date_return` at row 1
[20-May-2025 18:05:26 Europe/Berlin] Uncaught Exception: Incorrect date value: '' for column `inv`.`history`.`date_return` at row 1
[20-May-2025 18:05:34 Europe/Berlin] Uncaught Exception: Incorrect date value: '' for column `inv`.`history`.`date_return` at row 1
[20-May-2025 18:12:46 Europe/Berlin] Uncaught Exception: Incorrect date value: '' for column `inv`.`history`.`date_return` at row 1
[20-May-2025 18:13:03 Europe/Berlin] Uncaught Exception: Data truncated for column 'condition' at row 1
[20-May-2025 18:13:07 Europe/Berlin] Uncaught Exception: Data truncated for column 'condition' at row 1
[20-May-2025 18:13:15 Europe/Berlin] Uncaught Exception: Data truncated for column 'condition' at row 1
[20-May-2025 18:27:42 Europe/Berlin] Uncaught Exception: Table 'inv.users' doesn't exist
[20-May-2025 18:28:05 Europe/Berlin] Uncaught Exception: Table 'inv.users' doesn't exist
[20-May-2025 18:28:22 Europe/Berlin] Uncaught Exception: Table 'inv.users' doesn't exist
[20-May-2025 18:28:39 Europe/Berlin] Uncaught Exception: Table 'inv.users' doesn't exist
[20-May-2025 18:29:03 Europe/Berlin] Uncaught Exception: Table 'inv.users' doesn't exist
[20-May-2025 18:32:41 Europe/Berlin] PHP Fatal error:  Uncaught mysqli_sql_exception: Table 'inv.users' doesn't exist in C:\xampp\htdocs\CDM_Chorale_Inv\register.php:44
Stack trace:
#0 C:\xampp\htdocs\CDM_Chorale_Inv\register.php(44): mysqli->prepare('SELECT id FROM ...')
#1 {main}
  thrown in C:\xampp\htdocs\CDM_Chorale_Inv\register.php on line 44
[20-May-2025 18:35:52 Europe/Berlin] PHP Fatal error:  Uncaught mysqli_sql_exception: Table 'inv.users' doesn't exist in C:\xampp\htdocs\CDM_Chorale_Inv\register.php:44
Stack trace:
#0 C:\xampp\htdocs\CDM_Chorale_Inv\register.php(44): mysqli->prepare('SELECT id FROM ...')
#1 {main}
  thrown in C:\xampp\htdocs\CDM_Chorale_Inv\register.php on line 44
[20-May-2025 18:36:12 Europe/Berlin] PHP Fatal error:  Uncaught mysqli_sql_exception: Table 'inv.users' doesn't exist in C:\xampp\htdocs\CDM_Chorale_Inv\register.php:44
Stack trace:
#0 C:\xampp\htdocs\CDM_Chorale_Inv\register.php(44): mysqli->prepare('SELECT id FROM ...')
#1 {main}
  thrown in C:\xampp\htdocs\CDM_Chorale_Inv\register.php on line 44
[20-May-2025 18:39:59 Europe/Berlin] PHP Fatal error:  Uncaught mysqli_sql_exception: Field 'email' doesn't have a default value in C:\xampp\htdocs\CDM_Chorale_Inv\register.php:57
Stack trace:
#0 C:\xampp\htdocs\CDM_Chorale_Inv\register.php(57): mysqli_stmt->execute()
#1 {main}
  thrown in C:\xampp\htdocs\CDM_Chorale_Inv\register.php on line 57
[20-May-2025 18:40:17 Europe/Berlin] PHP Fatal error:  Uncaught mysqli_sql_exception: Field 'email' doesn't have a default value in C:\xampp\htdocs\CDM_Chorale_Inv\register.php:57
Stack trace:
#0 C:\xampp\htdocs\CDM_Chorale_Inv\register.php(57): mysqli_stmt->execute()
#1 {main}
  thrown in C:\xampp\htdocs\CDM_Chorale_Inv\register.php on line 57
[20-May-2025 18:46:08 Europe/Berlin] PHP Fatal error:  Uncaught mysqli_sql_exception: Data too long for column 'password' at row 1 in C:\xampp\htdocs\CDM_Chorale_Inv\register.php:57
Stack trace:
#0 C:\xampp\htdocs\CDM_Chorale_Inv\register.php(57): mysqli_stmt->execute()
#1 {main}
  thrown in C:\xampp\htdocs\CDM_Chorale_Inv\register.php on line 57
[20-May-2025 18:52:16 Europe/Berlin] Uncaught Exception: Incorrect date value: '' for column `inv`.`history`.`date_return` at row 1
